<?xml version="1.0" encoding="UTF-8"?>
<!-- Generated by org.testng.reporters.JUnitReportReporter -->
<testsuite hostname="LAPTOP-QTGMULLD" failures="0" tests="2" name="Com.EC.TestCase.IndexPageTestCase" time="1.407" errors="0" timestamp="2024-06-25T16:17:23 IST" skipped="0">
  <testcase classname="Com.EC.TestCase.IndexPageTestCase" name="verifyALLHyperlinkOnIndexPage" time="0.225"/>
  <testcase classname="Com.EC.TestCase.IndexPageTestCase" name="clickOnLoginLink" time="1.182"/>
</testsuite> <!-- Com.EC.TestCase.IndexPageTestCase -->
