<?xml version="1.0" encoding="UTF-8"?>
<!-- Generated by org.testng.reporters.JUnitReportReporter -->
<testsuite hostname="LAPTOP-QTGMULLD" failures="0" tests="1" name="Com.EC.TestCase.LoginPageTestCase" time="22.853" errors="0" timestamp="2024-06-25T16:17:23 IST" skipped="0">
  <testcase classname="Com.EC.TestCase.LoginPageTestCase" name="loginFunctionality" time="22.853"/>
</testsuite> <!-- Com.EC.TestCase.LoginPageTestCase -->
