<?xml version="1.0" encoding="UTF-8"?>
<!-- Generated by org.testng.reporters.JUnitReportReporter -->
<testsuite hostname="LAPTOP-QTGMULLD" failures="0" tests="2" name="Com.EC.TestCase.HomePageTestCase" time="0.000" errors="0" timestamp="2024-06-25T13:30:27 IST" skipped="2">
  <testcase classname="Com.EC.TestCase.HomePageTestCase" name="searchProductName" time="0.000">
    <skipped/>
  </testcase> <!-- searchProductName -->
  <testcase classname="Com.EC.TestCase.HomePageTestCase" name="verifyCompanyImage" time="0.000">
    <skipped/>
  </testcase> <!-- verifyCompanyImage -->
</testsuite> <!-- Com.EC.TestCase.HomePageTestCase -->
