<?xml version="1.0" encoding="UTF-8"?>
<!-- Generated by org.testng.reporters.JUnitReportReporter -->
<testsuite hostname="LAPTOP-QTGMULLD" failures="0" tests="1" name="Com.EC.TestCase.SearchProductResultPageTestCase" time="0.000" errors="0" timestamp="2024-06-25T13:30:27 IST" skipped="1">
  <testcase classname="Com.EC.TestCase.SearchProductResultPageTestCase" name="enterNumberQuantity" time="0.000">
    <skipped/>
  </testcase> <!-- enterNumberQuantity -->
</testsuite> <!-- Com.EC.TestCase.SearchProductResultPageTestCase -->
